<?xml version="1.0" encoding="UTF-8"?>
<!-- Generated by org.testng.reporters.JUnitReportReporter -->
<testsuite hostname="ShantuGadhavi" failures="0" tests="1" name="com.cucumber.Base.Runner" time="38.105" errors="0" timestamp="2024-11-29T12:23:42 IST" skipped="0">
  <testcase classname="com.cucumber.Base.Runner" name="runScenario" time="38.105"/>
</testsuite> <!-- com.cucumber.Base.Runner -->
